CRITICAL:2023-02-08T19:42:18+0200:__main__:MAIN ERROR FALIED
CRITICAL:2023-02-08T19:42:25+0200:__main__:MAIN ERROR FALIED
CRITICAL:2023-02-09T16:03:44+0200:__main__:MAIN ERROR FALIED
CRITICAL:2023-02-09T16:04:34+0200:__main__:MAIN ERROR FALIED
CRITICAL:2023-02-09T16:11:27+0200:__main__:MAIN ERROR FALIED
CRITICAL:2023-02-09T16:12:42+0200:__main__:MAIN ERROR FALIED
CRITICAL:2023-02-09T16:15:43+0200:__main__:MAIN ERROR FALIED
CRITICAL:2023-02-09T16:34:29+0200:__main__:MAIN ERROR FALIED
INFO:2023-02-09T14:59:52+0000:__main__:Successfully Scraped
INFO:2023-02-09T14:59:52+0000:__main__:Converted date_posted to date_time format
INFO:2023-02-09T14:59:52+0000:__main__:initial_Data(02-09-23).csv Saved
INFO:2023-02-09T14:59:52+0000:cleaner_script:505:unique id found out of:5614
INFO:2023-02-09T14:59:52+0000:cleaner_script:Saved new id list with new:505 ids now total:6595
INFO:2023-02-09T14:59:52+0000:__main__:clean_Data(02-09-23).csv Saved
INFO:2023-02-15T16:40:51+0000:__main__:Successfully Scraped
INFO:2023-02-15T16:40:51+0000:__main__:Converted date_posted to date_time format
INFO:2023-02-15T16:40:51+0000:__main__:initial_Data(02-15-23).csv Saved
INFO:2023-02-15T16:40:51+0000:cleaner_script:392:unique id found out of:5535
INFO:2023-02-15T16:40:51+0000:cleaner_script:Saved new id list with new:392 ids now total:6987
INFO:2023-02-15T16:40:51+0000:__main__:clean_Data(02-15-23).csv Saved
INFO:2023-03-01T16:49:13+0000:__main__:Successfully Scraped
INFO:2023-03-01T16:49:13+0000:__main__:Converted date_posted to date_time format
INFO:2023-03-01T16:49:13+0000:__main__:initial_Data(03-01-23).csv Saved
INFO:2023-03-01T16:49:13+0000:cleaner_script:992:unique id found out of:5363
INFO:2023-03-01T16:49:13+0000:cleaner_script:Saved new id list with new:992 ids now total:7979
INFO:2023-03-01T16:49:13+0000:__main__:clean_Data(03-01-23).csv Saved
INFO:2023-03-15T16:36:17+0000:__main__:Successfully Scraped
INFO:2023-03-15T16:36:17+0000:__main__:Converted date_posted to date_time format
INFO:2023-03-15T16:36:17+0000:__main__:initial_Data(03-15-23).csv Saved
INFO:2023-03-15T16:36:17+0000:cleaner_script:975:unique id found out of:5388
INFO:2023-03-15T16:36:17+0000:cleaner_script:Saved new id list with new:975 ids now total:8954
INFO:2023-03-15T16:36:17+0000:__main__:clean_Data(03-15-23).csv Saved
INFO:2023-04-01T16:29:22+0000:__main__:Successfully Scraped
INFO:2023-04-01T16:29:22+0000:__main__:Converted date_posted to date_time format
INFO:2023-04-01T16:29:22+0000:__main__:initial_Data(04-01-23).csv Saved
INFO:2023-04-01T16:29:22+0000:cleaner_script:633:unique id found out of:4840
INFO:2023-04-01T16:29:22+0000:cleaner_script:Saved new id list with new:633 ids now total:9587
INFO:2023-04-01T16:29:22+0000:__main__:clean_Data(04-01-23).csv Saved
INFO:2023-04-15T16:29:01+0000:__main__:Successfully Scraped
INFO:2023-04-15T16:29:01+0000:__main__:Converted date_posted to date_time format
INFO:2023-04-15T16:29:01+0000:__main__:initial_Data(04-15-23).csv Saved
INFO:2023-04-15T16:29:01+0000:cleaner_script:884:unique id found out of:4913
INFO:2023-04-15T16:29:01+0000:cleaner_script:Saved new id list with new:884 ids now total:10471
INFO:2023-04-15T16:29:01+0000:__main__:clean_Data(04-15-23).csv Saved
INFO:2023-04-17T10:53:57+0200:cleaner_script:0:unique id found out of:4913
INFO:2023-04-17T10:55:17+0200:cleaner_script:0:unique id found out of:4913
INFO:2023-04-17T10:55:17+0200:cleaner_script:Saved new id list with new:0 ids now total:10471
